2020-01-14 10:02:38,895 INFO  [org.jboss.modules] (main) JBoss Modules version 1.9.1.Final
2020-01-14 10:02:39,286 INFO  [org.jboss.msc] (main) JBoss MSC version 1.4.11.Final
2020-01-14 10:02:39,293 INFO  [org.jboss.threads] (main) JBoss Threads version 2.3.3.Final
2020-01-14 10:02:39,382 INFO  [org.jboss.as] (MSC service thread 1-2) WFLYSRV0049: Keycloak 8.0.1 (WildFly Core 10.0.3.Final) starting
2020-01-14 10:02:39,383 DEBUG [org.jboss.as.config] (MSC service thread 1-2) Configured system properties:
	[Standalone] = 
	file.encoding = UTF-8
	file.separator = /
	ftp.nonProxyHosts = local|*.local|169.254/16|*.169.254/16
	http.nonProxyHosts = local|*.local|169.254/16|*.169.254/16
	java.awt.headless = true
	java.class.path = /Users/matejjuric/Desktop/RassusLabosProfila/RASSUS/keycloak/jboss-modules.jar
	java.class.version = 57.0
	java.home = /Library/Java/JavaVirtualMachines/openjdk-13.jdk/Contents/Home
	java.io.tmpdir = /var/folders/ys/s_pt5gjx1bb8q8pq1c1ch5yr0000gn/T/
	java.library.path = /Users/matejjuric/Library/Java/Extensions:/Library/Java/Extensions:/Network/Library/Java/Extensions:/System/Library/Java/Extensions:/usr/lib/java:.
	java.net.preferIPv4Stack = true
	java.runtime.name = OpenJDK Runtime Environment
	java.runtime.version = 13+33
	java.specification.name = Java Platform API Specification
	java.specification.vendor = Oracle Corporation
	java.specification.version = 13
	java.util.logging.manager = org.jboss.logmanager.LogManager
	java.vendor = Oracle Corporation
	java.vendor.url = https://java.oracle.com/
	java.vendor.url.bug = https://bugreport.java.com/bugreport/
	java.version = 13
	java.version.date = 2019-09-17
	java.vm.compressedOopsMode = Zero based
	java.vm.info = mixed mode, sharing
	java.vm.name = OpenJDK 64-Bit Server VM
	java.vm.specification.name = Java Virtual Machine Specification
	java.vm.specification.vendor = Oracle Corporation
	java.vm.specification.version = 13
	java.vm.vendor = Oracle Corporation
	java.vm.version = 13+33
	javax.management.builder.initial = org.jboss.as.jmx.PluggableMBeanServerBuilder
	jboss.home.dir = /Users/matejjuric/Desktop/RassusLabosProfila/RASSUS/keycloak
	jboss.host.name = matej
	jboss.modules.dir = /Users/matejjuric/Desktop/RassusLabosProfila/RASSUS/keycloak/modules
	jboss.modules.system.pkgs = org.jboss.byteman
	jboss.node.name = matej
	jboss.qualified.host.name = matej
	jboss.server.base.dir = /Users/matejjuric/Desktop/RassusLabosProfila/RASSUS/keycloak/standalone
	jboss.server.config.dir = /Users/matejjuric/Desktop/RassusLabosProfila/RASSUS/keycloak/standalone/configuration
	jboss.server.data.dir = /Users/matejjuric/Desktop/RassusLabosProfila/RASSUS/keycloak/standalone/data
	jboss.server.deploy.dir = /Users/matejjuric/Desktop/RassusLabosProfila/RASSUS/keycloak/standalone/data/content
	jboss.server.log.dir = /Users/matejjuric/Desktop/RassusLabosProfila/RASSUS/keycloak/standalone/log
	jboss.server.name = matej
	jboss.server.persist.config = true
	jboss.server.temp.dir = /Users/matejjuric/Desktop/RassusLabosProfila/RASSUS/keycloak/standalone/tmp
	jdk.debug = release
	line.separator = 

	logging.configuration = file:/Users/matejjuric/Desktop/RassusLabosProfila/RASSUS/keycloak/standalone/configuration/logging.properties
	module.path = /Users/matejjuric/Desktop/RassusLabosProfila/RASSUS/keycloak/modules
	org.jboss.boot.log.file = /Users/matejjuric/Desktop/RassusLabosProfila/RASSUS/keycloak/standalone/log/server.log
	org.jboss.resolver.warning = true
	os.arch = x86_64
	os.name = Mac OS X
	os.version = 10.15.1
	path.separator = :
	socksNonProxyHosts = local|*.local|169.254/16|*.169.254/16
	sun.arch.data.model = 64
	sun.boot.library.path = /Library/Java/JavaVirtualMachines/openjdk-13.jdk/Contents/Home/lib
	sun.cpu.endian = little
	sun.io.unicode.encoding = UnicodeBig
	sun.java.command = /Users/matejjuric/Desktop/RassusLabosProfila/RASSUS/keycloak/jboss-modules.jar -mp /Users/matejjuric/Desktop/RassusLabosProfila/RASSUS/keycloak/modules org.jboss.as.standalone -Djboss.home.dir=/Users/matejjuric/Desktop/RassusLabosProfila/RASSUS/keycloak -Djboss.server.base.dir=/Users/matejjuric/Desktop/RassusLabosProfila/RASSUS/keycloak/standalone
	sun.java.launcher = SUN_STANDARD
	sun.jnu.encoding = UTF-8
	sun.management.compiler = HotSpot 64-Bit Tiered Compilers
	user.country = HR
	user.dir = /Users/matejjuric/Desktop/RassusLabosProfila/RASSUS/keycloak/bin
	user.home = /Users/matejjuric
	user.language = en
	user.name = jura
	user.timezone = Europe/Zagreb
2020-01-14 10:02:39,385 DEBUG [org.jboss.as.config] (MSC service thread 1-2) VM Arguments: -D[Standalone] -Xms64m -Xmx512m -XX:MetaspaceSize=96M -XX:MaxMetaspaceSize=256m -Djava.net.preferIPv4Stack=true -Djboss.modules.system.pkgs=org.jboss.byteman -Djava.awt.headless=true --add-exports=java.base/sun.nio.ch=ALL-UNNAMED --add-exports=jdk.unsupported/sun.misc=ALL-UNNAMED --add-exports=jdk.unsupported/sun.reflect=ALL-UNNAMED -Dorg.jboss.boot.log.file=/Users/matejjuric/Desktop/RassusLabosProfila/RASSUS/keycloak/standalone/log/server.log -Dlogging.configuration=file:/Users/matejjuric/Desktop/RassusLabosProfila/RASSUS/keycloak/standalone/configuration/logging.properties 
2020-01-14 10:02:39,949 INFO  [org.wildfly.security] (ServerService Thread Pool -- 19) ELY00001: WildFly Elytron version 1.10.4.Final
2020-01-14 10:02:40,380 INFO  [org.jboss.as.controller.management-deprecated] (Controller Boot Thread) WFLYCTL0028: Attribute 'security-realm' in the resource at address '/core-service=management/management-interface=http-interface' is deprecated, and may be removed in a future version. See the attribute description in the output of the read-resource-description operation to learn more about the deprecation.
2020-01-14 10:02:40,400 INFO  [org.jboss.as.controller.management-deprecated] (ServerService Thread Pool -- 13) WFLYCTL0028: Attribute 'security-realm' in the resource at address '/subsystem=undertow/server=default-server/https-listener=https' is deprecated, and may be removed in a future version. See the attribute description in the output of the read-resource-description operation to learn more about the deprecation.
2020-01-14 10:02:40,519 INFO  [org.jboss.as.server] (Controller Boot Thread) WFLYSRV0039: Creating http management service using socket-binding (management-http)
2020-01-14 10:02:40,535 INFO  [org.xnio] (MSC service thread 1-6) XNIO version 3.7.3.Final
2020-01-14 10:02:40,543 INFO  [org.xnio.nio] (MSC service thread 1-6) XNIO NIO Implementation Version 3.7.3.Final
2020-01-14 10:02:40,570 INFO  [org.jboss.as.clustering.infinispan] (ServerService Thread Pool -- 37) WFLYCLINF0001: Activating Infinispan subsystem.
2020-01-14 10:02:40,578 INFO  [org.jboss.as.connector] (MSC service thread 1-8) WFLYJCA0009: Starting JCA Subsystem (WildFly/IronJacamar 1.4.17.Final)
2020-01-14 10:02:40,579 INFO  [org.jboss.as.jaxrs] (ServerService Thread Pool -- 38) WFLYRS0016: RESTEasy version 3.9.1.Final
2020-01-14 10:02:40,596 INFO  [org.jboss.as.connector.subsystems.datasources] (ServerService Thread Pool -- 32) WFLYJCA0004: Deploying JDBC-compliant driver class org.h2.Driver (version 1.4)
2020-01-14 10:02:40,604 INFO  [org.wildfly.extension.microprofile.config.smallrye._private] (ServerService Thread Pool -- 51) WFLYCONF0001: Activating WildFly MicroProfile Config Subsystem
2020-01-14 10:02:40,609 INFO  [org.jboss.as.security] (ServerService Thread Pool -- 48) WFLYSEC0002: Activating Security Subsystem
2020-01-14 10:02:40,610 INFO  [org.jboss.as.naming] (ServerService Thread Pool -- 43) WFLYNAM0001: Activating Naming Subsystem
2020-01-14 10:02:40,606 INFO  [org.jboss.as.connector.deployers.jdbc] (MSC service thread 1-4) WFLYJCA0018: Started Driver service with driver-name = h2
2020-01-14 10:02:40,601 INFO  [org.wildfly.extension.io] (ServerService Thread Pool -- 36) WFLYIO001: Worker 'default' has auto-configured to 16 core threads with 128 task threads based on your 8 available processors
2020-01-14 10:02:40,600 WARN  [org.jboss.as.txn] (ServerService Thread Pool -- 49) WFLYTX0013: The node-identifier attribute on the /subsystem=transactions is set to the default value. This is a danger for environments running multiple servers. Please make sure the attribute value is unique.
2020-01-14 10:02:40,635 INFO  [org.wildfly.extension.microprofile.metrics.smallrye] (ServerService Thread Pool -- 53) WFLYMETRICS0001: Activating Eclipse MicroProfile Metrics Subsystem
2020-01-14 10:02:40,630 INFO  [org.jboss.as.security] (MSC service thread 1-3) WFLYSEC0001: Current PicketBox version=5.0.3.Final
2020-01-14 10:02:40,656 INFO  [org.wildfly.extension.undertow] (MSC service thread 1-6) WFLYUT0003: Undertow 2.0.27.Final starting
2020-01-14 10:02:40,663 INFO  [org.wildfly.extension.microprofile.health.smallrye] (ServerService Thread Pool -- 52) WFLYHEALTH0001: Activating Eclipse MicroProfile Health Subsystem
2020-01-14 10:02:40,665 INFO  [org.jboss.remoting] (MSC service thread 1-2) JBoss Remoting version 5.0.15.Final
2020-01-14 10:02:40,702 INFO  [org.jboss.as.naming] (MSC service thread 1-7) WFLYNAM0003: Starting Naming Service
2020-01-14 10:02:40,703 INFO  [org.jboss.as.mail.extension] (MSC service thread 1-5) WFLYMAIL0001: Bound mail session [java:jboss/mail/Default]
2020-01-14 10:02:40,714 WARN  [org.wildfly.clustering.web.undertow] (ServerService Thread Pool -- 54) WFLYCLWEBUT0007: No routing provider found for default-server; using legacy provider based on static configuration
2020-01-14 10:02:40,746 INFO  [org.wildfly.extension.undertow] (ServerService Thread Pool -- 54) WFLYUT0014: Creating file handler for path '/Users/matejjuric/Desktop/RassusLabosProfila/RASSUS/keycloak/welcome-content' with options [directory-listing: 'false', follow-symlink: 'false', case-sensitive: 'true', safe-symlink-paths: '[]']
2020-01-14 10:02:40,756 INFO  [org.wildfly.extension.undertow] (MSC service thread 1-1) WFLYUT0012: Started server default-server.
2020-01-14 10:02:40,758 INFO  [org.wildfly.extension.undertow] (MSC service thread 1-3) WFLYUT0018: Host default-host starting
2020-01-14 10:02:40,802 INFO  [org.jboss.as.ejb3] (MSC service thread 1-3) WFLYEJB0482: Strict pool mdb-strict-max-pool is using a max instance size of 32 (per class), which is derived from the number of CPUs on this host.
2020-01-14 10:02:40,803 INFO  [org.jboss.as.ejb3] (MSC service thread 1-6) WFLYEJB0481: Strict pool slsb-strict-max-pool is using a max instance size of 128 (per class), which is derived from thread worker pool sizing.
2020-01-14 10:02:40,864 INFO  [org.wildfly.extension.undertow] (MSC service thread 1-7) WFLYUT0006: Undertow HTTP listener default listening on 127.0.0.1:8080
2020-01-14 10:02:40,955 INFO  [org.jboss.as.ejb3] (MSC service thread 1-4) WFLYEJB0493: EJB subsystem suspension complete
2020-01-14 10:02:41,026 INFO  [org.jboss.as.connector.subsystems.datasources] (MSC service thread 1-6) WFLYJCA0001: Bound data source [java:jboss/datasources/ExampleDS]
2020-01-14 10:02:41,029 INFO  [org.jboss.as.patching] (MSC service thread 1-8) WFLYPAT0050: Keycloak cumulative patch ID is: base, one-off patches include: none
2020-01-14 10:02:41,032 INFO  [org.jboss.as.connector.subsystems.datasources] (MSC service thread 1-2) WFLYJCA0001: Bound data source [java:jboss/datasources/KeycloakDS]
2020-01-14 10:02:41,036 WARN  [org.jboss.as.domain.management.security] (MSC service thread 1-1) WFLYDM0111: Keystore /Users/matejjuric/Desktop/RassusLabosProfila/RASSUS/keycloak/standalone/configuration/application.keystore not found, it will be auto generated on first use with a self signed certificate for host localhost
